<?xml version="1.0" encoding="UTF-8"?>
<!-- Generated by org.testng.reporters.JUnitXMLReporter -->
<testsuite hostname="TMQAVIVEK" name="Test(failed)" tests="1" failures="1" timestamp="28 Aug 2021 04:23:38 GMT" time="19.654" errors="0">
  <testcase name="loginDetails" time="7.141" classname="mhl.LogIndeatils">
    <failure type="java.lang.NullPointerException">
      <![CDATA[java.lang.NullPointerException
	at mhl.LogIndeatils.loginDetails(LogIndeatils.java:38)
... Removed 25 stack frames]]>
    </failure>
  </testcase> <!-- loginDetails -->
</testsuite> <!-- Test(failed) -->
