<?xml version="1.0" encoding="UTF-8"?>
<testng-results skipped="6" failed="0" total="6" passed="0">
  <reporter-output>
  </reporter-output>
  <suite name="Suite" duration-ms="16234" started-at="2021-09-02T17:07:52Z" finished-at="2021-09-02T17:08:09Z">
    <groups>
    </groups>
    <test name="Test" duration-ms="16234" started-at="2021-09-02T17:07:52Z" finished-at="2021-09-02T17:08:09Z">
      <class name="mhl.PaymentMode">
        <test-method status="PASS" signature="launchBrowser()[pri:0, instance:mhl.PaymentMode@29ee9faa]" name="launchBrowser" is-config="true" duration-ms="3023" started-at="2021-09-02T22:37:49Z" finished-at="2021-09-02T22:37:52Z">
          <reporter-output>
          </reporter-output>
        </test-method> <!-- launchBrowser -->
        <test-method status="FAIL" signature="brosweDetails()[pri:0, instance:mhl.PaymentMode@29ee9faa]" name="brosweDetails" is-config="true" duration-ms="0" started-at="2021-09-02T22:37:52Z" finished-at="2021-09-02T22:37:52Z">
          <exception class="org.openqa.selenium.NoSuchWindowException">
            <message>
              <![CDATA[no such window: target window already closed
from unknown error: web view not found
  (Session info: chrome=93.0.4577.63)
Build info: version: '3.141.59', revision: 'e82be7d358', time: '2018-11-14T08:25:48'
System info: host: 'TMQAVIVEK', ip: '169.254.41.33', os.name: 'Windows 10', os.arch: 'amd64', os.version: '10.0', java.version: '1.8.0_211'
Driver info: org.openqa.selenium.chrome.ChromeDriver
Capabilities {acceptInsecureCerts: false, browserName: chrome, browserVersion: 93.0.4577.63, chrome: {chromedriverVersion: 92.0.4515.107 (87a818b10553..., userDataDir: C:\Users\ADMIN\AppData\Loca...}, goog:chromeOptions: {debuggerAddress: localhost:65452}, javascriptEnabled: true, networkConnectionEnabled: false, pageLoadStrategy: normal, platform: WINDOWS, platformName: WINDOWS, proxy: Proxy(), setWindowRect: true, strictFileInteractability: false, timeouts: {implicit: 0, pageLoad: 300000, script: 30000}, unhandledPromptBehavior: dismiss and notify, webauthn:extension:credBlob: true, webauthn:extension:largeBlob: true, webauthn:virtualAuthenticators: true}
Session ID: eed19afe88b662b48c5c5816820a4791]]>
            </message>
            <full-stacktrace>
              <![CDATA[org.openqa.selenium.NoSuchWindowException: no such window: target window already closed
from unknown error: web view not found
  (Session info: chrome=93.0.4577.63)
Build info: version: '3.141.59', revision: 'e82be7d358', time: '2018-11-14T08:25:48'
System info: host: 'TMQAVIVEK', ip: '169.254.41.33', os.name: 'Windows 10', os.arch: 'amd64', os.version: '10.0', java.version: '1.8.0_211'
Driver info: org.openqa.selenium.chrome.ChromeDriver
Capabilities {acceptInsecureCerts: false, browserName: chrome, browserVersion: 93.0.4577.63, chrome: {chromedriverVersion: 92.0.4515.107 (87a818b10553..., userDataDir: C:\Users\ADMIN\AppData\Loca...}, goog:chromeOptions: {debuggerAddress: localhost:65452}, javascriptEnabled: true, networkConnectionEnabled: false, pageLoadStrategy: normal, platform: WINDOWS, platformName: WINDOWS, proxy: Proxy(), setWindowRect: true, strictFileInteractability: false, timeouts: {implicit: 0, pageLoad: 300000, script: 30000}, unhandledPromptBehavior: dismiss and notify, webauthn:extension:credBlob: true, webauthn:extension:largeBlob: true, webauthn:virtualAuthenticators: true}
Session ID: eed19afe88b662b48c5c5816820a4791
	at sun.reflect.NativeConstructorAccessorImpl.newInstance0(Native Method)
	at sun.reflect.NativeConstructorAccessorImpl.newInstance(NativeConstructorAccessorImpl.java:62)
	at sun.reflect.DelegatingConstructorAccessorImpl.newInstance(DelegatingConstructorAccessorImpl.java:45)
	at java.lang.reflect.Constructor.newInstance(Constructor.java:423)
	at org.openqa.selenium.remote.http.W3CHttpResponseCodec.createException(W3CHttpResponseCodec.java:187)
	at org.openqa.selenium.remote.http.W3CHttpResponseCodec.decode(W3CHttpResponseCodec.java:122)
	at org.openqa.selenium.remote.http.W3CHttpResponseCodec.decode(W3CHttpResponseCodec.java:49)
	at org.openqa.selenium.remote.HttpCommandExecutor.execute(HttpCommandExecutor.java:158)
	at org.openqa.selenium.remote.service.DriverCommandExecutor.execute(DriverCommandExecutor.java:83)
	at org.openqa.selenium.remote.RemoteWebDriver.execute(RemoteWebDriver.java:552)
	at org.openqa.selenium.remote.RemoteWebDriver.execute(RemoteWebDriver.java:609)
	at org.openqa.selenium.remote.RemoteWebDriver$RemoteWebDriverOptions$RemoteWindow.maximize(RemoteWebDriver.java:837)
	at mhl.BrouserLaunch.brosweDetails(BrouserLaunch.java:32)
	at sun.reflect.NativeMethodAccessorImpl.invoke0(Native Method)
	at sun.reflect.NativeMethodAccessorImpl.invoke(NativeMethodAccessorImpl.java:62)
	at sun.reflect.DelegatingMethodAccessorImpl.invoke(DelegatingMethodAccessorImpl.java:43)
	at java.lang.reflect.Method.invoke(Method.java:498)
	at org.testng.internal.MethodInvocationHelper.invokeMethod(MethodInvocationHelper.java:100)
	at org.testng.internal.Invoker.invokeConfigurationMethod(Invoker.java:515)
	at org.testng.internal.Invoker.invokeConfigurations(Invoker.java:216)
	at org.testng.internal.Invoker.invokeConfigurations(Invoker.java:143)
	at org.testng.TestRunner.beforeRun(TestRunner.java:631)
	at org.testng.TestRunner.run(TestRunner.java:599)
	at org.testng.SuiteRunner.runTest(SuiteRunner.java:368)
	at org.testng.SuiteRunner.runSequentially(SuiteRunner.java:363)
	at org.testng.SuiteRunner.privateRun(SuiteRunner.java:321)
	at org.testng.SuiteRunner.run(SuiteRunner.java:270)
	at org.testng.SuiteRunnerWorker.runSuite(SuiteRunnerWorker.java:52)
	at org.testng.SuiteRunnerWorker.run(SuiteRunnerWorker.java:86)
	at org.testng.TestNG.runSuitesSequentially(TestNG.java:1284)
	at org.testng.TestNG.runSuitesLocally(TestNG.java:1209)
	at org.testng.TestNG.runSuites(TestNG.java:1124)
	at org.testng.TestNG.run(TestNG.java:1096)
	at org.testng.remote.AbstractRemoteTestNG.run(AbstractRemoteTestNG.java:132)
	at org.testng.remote.RemoteTestNG.initAndRun(RemoteTestNG.java:236)
	at org.testng.remote.RemoteTestNG.main(RemoteTestNG.java:81)
]]>
            </full-stacktrace>
          </exception> <!-- org.openqa.selenium.NoSuchWindowException -->
          <reporter-output>
          </reporter-output>
        </test-method> <!-- brosweDetails -->
        <test-method status="SKIP" signature="loginDetails()[pri:0, instance:mhl.PaymentMode@29ee9faa]" name="loginDetails" duration-ms="1" started-at="2021-09-02T22:38:09Z" finished-at="2021-09-02T22:38:09Z">
          <reporter-output>
          </reporter-output>
        </test-method> <!-- loginDetails -->
        <test-method status="SKIP" signature="searchPatient()[pri:0, instance:mhl.PaymentMode@29ee9faa]" name="searchPatient" duration-ms="5" started-at="2021-09-02T22:38:09Z" finished-at="2021-09-02T22:38:09Z">
          <reporter-output>
          </reporter-output>
        </test-method> <!-- searchPatient -->
        <test-method status="SKIP" signature="patientType()[pri:1, instance:mhl.PaymentMode@29ee9faa]" name="patientType" duration-ms="3" started-at="2021-09-02T22:38:09Z" finished-at="2021-09-02T22:38:09Z">
          <reporter-output>
          </reporter-output>
        </test-method> <!-- patientType -->
        <test-method status="SKIP" signature="demographicsDetails()[pri:2, instance:mhl.PaymentMode@29ee9faa]" name="demographicsDetails" duration-ms="6" started-at="2021-09-02T22:38:09Z" finished-at="2021-09-02T22:38:09Z">
          <reporter-output>
          </reporter-output>
        </test-method> <!-- demographicsDetails -->
        <test-method status="SKIP" signature="addTest()[pri:3, instance:mhl.PaymentMode@29ee9faa]" name="addTest" duration-ms="3" started-at="2021-09-02T22:38:09Z" finished-at="2021-09-02T22:38:09Z">
          <reporter-output>
          </reporter-output>
        </test-method> <!-- addTest -->
        <test-method status="SKIP" signature="ProcessAddTest()[pri:4, instance:mhl.PaymentMode@29ee9faa]" name="ProcessAddTest" duration-ms="4" started-at="2021-09-02T22:38:09Z" finished-at="2021-09-02T22:38:09Z">
          <reporter-output>
          </reporter-output>
        </test-method> <!-- ProcessAddTest -->
      </class> <!-- mhl.PaymentMode -->
    </test> <!-- Test -->
  </suite> <!-- Suite -->
</testng-results>
