<?xml version="1.0" encoding="UTF-8"?>
<testng-results skipped="0" failed="0" total="1" passed="1">
  <reporter-output>
  </reporter-output>
  <suite name="Default suite" duration-ms="35" started-at="2021-09-02T17:35:15Z" finished-at="2021-09-02T17:35:15Z">
    <groups>
    </groups>
    <test name="Default test" duration-ms="35" started-at="2021-09-02T17:35:15Z" finished-at="2021-09-02T17:35:15Z">
      <class name="mhl.LogIn1">
        <test-method status="PASS" signature="log()[pri:0, instance:mhl.LogIn1@1753acfe]" name="log" duration-ms="11" started-at="2021-09-02T23:05:15Z" finished-at="2021-09-02T23:05:15Z">
          <reporter-output>
          </reporter-output>
        </test-method> <!-- log -->
      </class> <!-- mhl.LogIn1 -->
    </test> <!-- Default test -->
  </suite> <!-- Default suite -->
</testng-results>
